<?xml version="1.0" encoding="UTF-8" ?>
<testsuite errors="0" failures="0" hostname="DevOps-VDI1" name="com.devops.alltests.JunitTestSuite" skipped="0" tests="14" time="0.164" timestamp="2016-04-18T02:23:35">
  <properties>
[...]
</properties>
  <testcase classname="com.devops.util.MyValidatorNegativeTest1" name="testValidateFieldsAreNotEmpty" time="0.0" />
  <testcase classname="com.devops.util.MyValidatorNegativeTest1" name="testIsUserAuthenticated" time="0.001" />
  <testcase classname="com.devops.util.MyValidatorNegativeTest2" name="testValidateFieldsAreNotEmpty" time="0.001" />
  <testcase classname="com.devops.util.MyValidatorNegativeTest2" name="testIsUserAuthenticated" time="0.0" />
  <testcase classname="com.devops.util.MyValidatorNegativeTest3" name="testValidateFieldsAreNotEmpty" time="0.0" />
  <testcase classname="com.devops.util.MyValidatorNegativeTest3" name="testIsUserAuthenticated" time="0.0" />
  <testcase classname="com.devops.util.MyValidatorNegativeTest4" name="testValidateFieldsAreNotEmpty" time="0.0" />
  <testcase classname="com.devops.util.MyValidatorNegativeTest4" name="testIsUserAuthenticated" time="0.0" />
  <testcase classname="com.devops.util.MyValidatorPositiveTest1" name="testValidateFieldsAreNotEmpty" time="0.0" />
  <testcase classname="com.devops.util.MyValidatorPositiveTest1" name="testIsUserAuthenticated" time="0.0" />
  <testcase classname="com.devops.util.MyValidatorPositiveTest2" name="testValidateFieldsAreNotEmpty" time="0.0" />
  <testcase classname="com.devops.util.MyValidatorPositiveTest2" name="testIsUserAuthenticated" time="0.0" />
  <testcase classname="com.devops.util.MyValidatorPositiveTest3" name="testValidateFieldsAreNotEmpty" time="0.0" />
  <testcase classname="com.devops.util.MyValidatorPositiveTest3" name="testIsUserAuthenticated" time="0.0" />
  <system-out><![CDATA[]]></system-out>
  <system-err><![CDATA[]]></system-err>
</testsuite>
